  MpiLibrary.cpp
e:\documents\github\unity_mpi\mpidotnet\windows\mpilibrary\mpilibrary\mpilibrary.cpp(8): warning C4273: 'initialize_mpi': inconsistent dll linkage
  e:\documents\github\unity_mpi\mpidotnet\windows\mpilibrary\mpilibrary\mpilibrary.h(15): note: see previous definition of 'initialize_mpi'
e:\documents\github\unity_mpi\mpidotnet\windows\mpilibrary\mpilibrary\mpilibrary.cpp(13): warning C4273: 'finalize_mpi': inconsistent dll linkage
  e:\documents\github\unity_mpi\mpidotnet\windows\mpilibrary\mpilibrary\mpilibrary.h(17): note: see previous definition of 'finalize_mpi'
e:\documents\github\unity_mpi\mpidotnet\windows\mpilibrary\mpilibrary\mpilibrary.cpp(19): warning C4273: 'get_world_size': inconsistent dll linkage
  e:\documents\github\unity_mpi\mpidotnet\windows\mpilibrary\mpilibrary\mpilibrary.h(20): note: see previous definition of 'get_world_size'
e:\documents\github\unity_mpi\mpidotnet\windows\mpilibrary\mpilibrary\mpilibrary.cpp(25): warning C4273: 'mpi_barrier': inconsistent dll linkage
  e:\documents\github\unity_mpi\mpidotnet\windows\mpilibrary\mpilibrary\mpilibrary.h(35): note: see previous definition of 'mpi_barrier'
e:\documents\github\unity_mpi\mpidotnet\windows\mpilibrary\mpilibrary\mpilibrary.cpp(30): warning C4273: 'mpi_wtime': inconsistent dll linkage
  e:\documents\github\unity_mpi\mpidotnet\windows\mpilibrary\mpilibrary\mpilibrary.h(37): note: see previous definition of 'mpi_wtime'
e:\documents\github\unity_mpi\mpidotnet\windows\mpilibrary\mpilibrary\mpilibrary.cpp(42): warning C4273: 'mpi_send_char': inconsistent dll linkage
  e:\documents\github\unity_mpi\mpidotnet\windows\mpilibrary\mpilibrary\mpilibrary.h(49): note: see previous definition of 'mpi_send_char'
e:\documents\github\unity_mpi\mpidotnet\windows\mpilibrary\mpilibrary\mpilibrary.cpp(45): warning C4273: 'mpi_send_int': inconsistent dll linkage
  e:\documents\github\unity_mpi\mpidotnet\windows\mpilibrary\mpilibrary\mpilibrary.h(48): note: see previous definition of 'mpi_send_int'
e:\documents\github\unity_mpi\mpidotnet\windows\mpilibrary\mpilibrary\mpilibrary.cpp(48): warning C4273: 'mpi_send_float': inconsistent dll linkage
  e:\documents\github\unity_mpi\mpidotnet\windows\mpilibrary\mpilibrary\mpilibrary.h(50): note: see previous definition of 'mpi_send_float'
e:\documents\github\unity_mpi\mpidotnet\windows\mpilibrary\mpilibrary\mpilibrary.cpp(51): warning C4273: 'mpi_send_double': inconsistent dll linkage
  e:\documents\github\unity_mpi\mpidotnet\windows\mpilibrary\mpilibrary\mpilibrary.h(47): note: see previous definition of 'mpi_send_double'
e:\documents\github\unity_mpi\mpidotnet\windows\mpilibrary\mpilibrary\mpilibrary.cpp(54): warning C4273: 'mpi_send_short': inconsistent dll linkage
  e:\documents\github\unity_mpi\mpidotnet\windows\mpilibrary\mpilibrary\mpilibrary.h(51): note: see previous definition of 'mpi_send_short'
e:\documents\github\unity_mpi\mpidotnet\windows\mpilibrary\mpilibrary\mpilibrary.cpp(57): warning C4273: 'mpi_send_long': inconsistent dll linkage
  e:\documents\github\unity_mpi\mpidotnet\windows\mpilibrary\mpilibrary\mpilibrary.h(52): note: see previous definition of 'mpi_send_long'
e:\documents\github\unity_mpi\mpidotnet\windows\mpilibrary\mpilibrary\mpilibrary.cpp(60): warning C4273: 'mpi_send_ulong': inconsistent dll linkage
  e:\documents\github\unity_mpi\mpidotnet\windows\mpilibrary\mpilibrary\mpilibrary.h(54): note: see previous definition of 'mpi_send_ulong'
e:\documents\github\unity_mpi\mpidotnet\windows\mpilibrary\mpilibrary\mpilibrary.cpp(64): warning C4273: 'mpi_send_uchar': inconsistent dll linkage
  e:\documents\github\unity_mpi\mpidotnet\windows\mpilibrary\mpilibrary\mpilibrary.h(55): note: see previous definition of 'mpi_send_uchar'
e:\documents\github\unity_mpi\mpidotnet\windows\mpilibrary\mpilibrary\mpilibrary.cpp(67): warning C4273: 'mpi_send_schar': inconsistent dll linkage
  e:\documents\github\unity_mpi\mpidotnet\windows\mpilibrary\mpilibrary\mpilibrary.h(56): note: see previous definition of 'mpi_send_schar'
e:\documents\github\unity_mpi\mpidotnet\windows\mpilibrary\mpilibrary\mpilibrary.cpp(70): warning C4273: 'mpi_send_ushort': inconsistent dll linkage
  e:\documents\github\unity_mpi\mpidotnet\windows\mpilibrary\mpilibrary\mpilibrary.h(53): note: see previous definition of 'mpi_send_ushort'
e:\documents\github\unity_mpi\mpidotnet\windows\mpilibrary\mpilibrary\mpilibrary.cpp(74): warning C4273: 'mpi_send_char_array': inconsistent dll linkage
  e:\documents\github\unity_mpi\mpidotnet\windows\mpilibrary\mpilibrary\mpilibrary.h(60): note: see previous definition of 'mpi_send_char_array'
e:\documents\github\unity_mpi\mpidotnet\windows\mpilibrary\mpilibrary\mpilibrary.cpp(77): warning C4273: 'mpi_send_int_array': inconsistent dll linkage
  e:\documents\github\unity_mpi\mpidotnet\windows\mpilibrary\mpilibrary\mpilibrary.h(59): note: see previous definition of 'mpi_send_int_array'
e:\documents\github\unity_mpi\mpidotnet\windows\mpilibrary\mpilibrary\mpilibrary.cpp(80): warning C4273: 'mpi_send_float_array': inconsistent dll linkage
  e:\documents\github\unity_mpi\mpidotnet\windows\mpilibrary\mpilibrary\mpilibrary.h(61): note: see previous definition of 'mpi_send_float_array'
e:\documents\github\unity_mpi\mpidotnet\windows\mpilibrary\mpilibrary\mpilibrary.cpp(83): warning C4273: 'mpi_send_double_array': inconsistent dll linkage
  e:\documents\github\unity_mpi\mpidotnet\windows\mpilibrary\mpilibrary\mpilibrary.h(58): note: see previous definition of 'mpi_send_double_array'
e:\documents\github\unity_mpi\mpidotnet\windows\mpilibrary\mpilibrary\mpilibrary.cpp(86): warning C4273: 'mpi_send_short_array': inconsistent dll linkage
  e:\documents\github\unity_mpi\mpidotnet\windows\mpilibrary\mpilibrary\mpilibrary.h(62): note: see previous definition of 'mpi_send_short_array'
e:\documents\github\unity_mpi\mpidotnet\windows\mpilibrary\mpilibrary\mpilibrary.cpp(89): warning C4273: 'mpi_send_long_array': inconsistent dll linkage
  e:\documents\github\unity_mpi\mpidotnet\windows\mpilibrary\mpilibrary\mpilibrary.h(63): note: see previous definition of 'mpi_send_long_array'
e:\documents\github\unity_mpi\mpidotnet\windows\mpilibrary\mpilibrary\mpilibrary.cpp(92): warning C4273: 'mpi_send_ulong_array': inconsistent dll linkage
  e:\documents\github\unity_mpi\mpidotnet\windows\mpilibrary\mpilibrary\mpilibrary.h(67): note: see previous definition of 'mpi_send_ulong_array'
e:\documents\github\unity_mpi\mpidotnet\windows\mpilibrary\mpilibrary\mpilibrary.cpp(95): warning C4273: 'mpi_send_uchar_array': inconsistent dll linkage
  e:\documents\github\unity_mpi\mpidotnet\windows\mpilibrary\mpilibrary\mpilibrary.h(64): note: see previous definition of 'mpi_send_uchar_array'
e:\documents\github\unity_mpi\mpidotnet\windows\mpilibrary\mpilibrary\mpilibrary.cpp(98): warning C4273: 'mpi_send_schar_array': inconsistent dll linkage
  e:\documents\github\unity_mpi\mpidotnet\windows\mpilibrary\mpilibrary\mpilibrary.h(65): note: see previous definition of 'mpi_send_schar_array'
e:\documents\github\unity_mpi\mpidotnet\windows\mpilibrary\mpilibrary\mpilibrary.cpp(101): warning C4273: 'mpi_send_ushort_array': inconsistent dll linkage
  e:\documents\github\unity_mpi\mpidotnet\windows\mpilibrary\mpilibrary\mpilibrary.h(66): note: see previous definition of 'mpi_send_ushort_array'
e:\documents\github\unity_mpi\mpidotnet\windows\mpilibrary\mpilibrary\mpilibrary.cpp(107): warning C4273: 'mpi_ssendc': inconsistent dll linkage
  e:\documents\github\unity_mpi\mpidotnet\windows\mpilibrary\mpilibrary\mpilibrary.h(72): note: see previous definition of 'mpi_ssendc'
e:\documents\github\unity_mpi\mpidotnet\windows\mpilibrary\mpilibrary\mpilibrary.cpp(110): warning C4273: 'mpi_ssendi': inconsistent dll linkage
  e:\documents\github\unity_mpi\mpidotnet\windows\mpilibrary\mpilibrary\mpilibrary.h(71): note: see previous definition of 'mpi_ssendi'
e:\documents\github\unity_mpi\mpidotnet\windows\mpilibrary\mpilibrary\mpilibrary.cpp(113): warning C4273: 'mpi_ssendf': inconsistent dll linkage
  e:\documents\github\unity_mpi\mpidotnet\windows\mpilibrary\mpilibrary\mpilibrary.h(73): note: see previous definition of 'mpi_ssendf'
e:\documents\github\unity_mpi\mpidotnet\windows\mpilibrary\mpilibrary\mpilibrary.cpp(115): warning C4273: 'mpi_ssendd': inconsistent dll linkage
  e:\documents\github\unity_mpi\mpidotnet\windows\mpilibrary\mpilibrary\mpilibrary.h(70): note: see previous definition of 'mpi_ssendd'
e:\documents\github\unity_mpi\mpidotnet\windows\mpilibrary\mpilibrary\mpilibrary.cpp(145): warning C4273: 'mpi_rsendc': inconsistent dll linkage
  e:\documents\github\unity_mpi\mpidotnet\windows\mpilibrary\mpilibrary\mpilibrary.h(87): note: see previous definition of 'mpi_rsendc'
e:\documents\github\unity_mpi\mpidotnet\windows\mpilibrary\mpilibrary\mpilibrary.cpp(148): warning C4273: 'mpi_rsendi': inconsistent dll linkage
  e:\documents\github\unity_mpi\mpidotnet\windows\mpilibrary\mpilibrary\mpilibrary.h(86): note: see previous definition of 'mpi_rsendi'
e:\documents\github\unity_mpi\mpidotnet\windows\mpilibrary\mpilibrary\mpilibrary.cpp(151): warning C4273: 'mpi_rsendf': inconsistent dll linkage
  e:\documents\github\unity_mpi\mpidotnet\windows\mpilibrary\mpilibrary\mpilibrary.h(88): note: see previous definition of 'mpi_rsendf'
e:\documents\github\unity_mpi\mpidotnet\windows\mpilibrary\mpilibrary\mpilibrary.cpp(153): warning C4273: 'mpi_rsendd': inconsistent dll linkage
  e:\documents\github\unity_mpi\mpidotnet\windows\mpilibrary\mpilibrary\mpilibrary.h(85): note: see previous definition of 'mpi_rsendd'
e:\documents\github\unity_mpi\mpidotnet\windows\mpilibrary\mpilibrary\mpilibrary.cpp(161): warning C4273: 'mpi_recv': inconsistent dll linkage
  e:\documents\github\unity_mpi\mpidotnet\windows\mpilibrary\mpilibrary\mpilibrary.h(92): note: see previous definition of 'mpi_recv'
e:\documents\github\unity_mpi\mpidotnet\windows\mpilibrary\mpilibrary\mpilibrary.cpp(164): warning C4273: 'mpi_recvi_legacy_not_working': inconsistent dll linkage
  e:\documents\github\unity_mpi\mpidotnet\windows\mpilibrary\mpilibrary\mpilibrary.h(93): note: see previous definition of 'mpi_recvi_legacy_not_working'
e:\documents\github\unity_mpi\mpidotnet\windows\mpilibrary\mpilibrary\mpilibrary.cpp(175): warning C4273: 'mpi_recv_populate_status': inconsistent dll linkage
  e:\documents\github\unity_mpi\mpidotnet\windows\mpilibrary\mpilibrary\mpilibrary.h(39): note: see previous definition of 'mpi_recv_populate_status'
e:\documents\github\unity_mpi\mpidotnet\windows\mpilibrary\mpilibrary\mpilibrary.cpp(186): warning C4273: 'mpi_recv_int': inconsistent dll linkage
  e:\documents\github\unity_mpi\mpidotnet\windows\mpilibrary\mpilibrary\mpilibrary.h(94): note: see previous definition of 'mpi_recv_int'
e:\documents\github\unity_mpi\mpidotnet\windows\mpilibrary\mpilibrary\mpilibrary.cpp(193): warning C4273: 'mpi_recv_char': inconsistent dll linkage
  e:\documents\github\unity_mpi\mpidotnet\windows\mpilibrary\mpilibrary\mpilibrary.h(96): note: see previous definition of 'mpi_recv_char'
e:\documents\github\unity_mpi\mpidotnet\windows\mpilibrary\mpilibrary\mpilibrary.cpp(200): warning C4273: 'mpi_recv_float': inconsistent dll linkage
  e:\documents\github\unity_mpi\mpidotnet\windows\mpilibrary\mpilibrary\mpilibrary.h(100): note: see previous definition of 'mpi_recv_float'
e:\documents\github\unity_mpi\mpidotnet\windows\mpilibrary\mpilibrary\mpilibrary.cpp(207): warning C4273: 'mpi_recv_double': inconsistent dll linkage
  e:\documents\github\unity_mpi\mpidotnet\windows\mpilibrary\mpilibrary\mpilibrary.h(98): note: see previous definition of 'mpi_recv_double'
e:\documents\github\unity_mpi\mpidotnet\windows\mpilibrary\mpilibrary\mpilibrary.cpp(214): warning C4273: 'mpi_recv_short': inconsistent dll linkage
  e:\documents\github\unity_mpi\mpidotnet\windows\mpilibrary\mpilibrary\mpilibrary.h(102): note: see previous definition of 'mpi_recv_short'
e:\documents\github\unity_mpi\mpidotnet\windows\mpilibrary\mpilibrary\mpilibrary.cpp(221): warning C4273: 'mpi_recv_long': inconsistent dll linkage
  e:\documents\github\unity_mpi\mpidotnet\windows\mpilibrary\mpilibrary\mpilibrary.h(104): note: see previous definition of 'mpi_recv_long'
e:\documents\github\unity_mpi\mpidotnet\windows\mpilibrary\mpilibrary\mpilibrary.cpp(228): warning C4273: 'mpi_recv_uchar': inconsistent dll linkage
  e:\documents\github\unity_mpi\mpidotnet\windows\mpilibrary\mpilibrary\mpilibrary.h(110): note: see previous definition of 'mpi_recv_uchar'
e:\documents\github\unity_mpi\mpidotnet\windows\mpilibrary\mpilibrary\mpilibrary.cpp(235): warning C4273: 'mpi_recv_schar': inconsistent dll linkage
  e:\documents\github\unity_mpi\mpidotnet\windows\mpilibrary\mpilibrary\mpilibrary.h(112): note: see previous definition of 'mpi_recv_schar'
e:\documents\github\unity_mpi\mpidotnet\windows\mpilibrary\mpilibrary\mpilibrary.cpp(242): warning C4273: 'mpi_recv_ushort': inconsistent dll linkage
  e:\documents\github\unity_mpi\mpidotnet\windows\mpilibrary\mpilibrary\mpilibrary.h(106): note: see previous definition of 'mpi_recv_ushort'
e:\documents\github\unity_mpi\mpidotnet\windows\mpilibrary\mpilibrary\mpilibrary.cpp(249): warning C4273: 'mpi_recv_ulong': inconsistent dll linkage
  e:\documents\github\unity_mpi\mpidotnet\windows\mpilibrary\mpilibrary\mpilibrary.h(108): note: see previous definition of 'mpi_recv_ulong'
e:\documents\github\unity_mpi\mpidotnet\windows\mpilibrary\mpilibrary\mpilibrary.cpp(329): warning C4273: 'get_world_rank': inconsistent dll linkage
  e:\documents\github\unity_mpi\mpidotnet\windows\mpilibrary\mpilibrary\mpilibrary.h(23): note: see previous definition of 'get_world_rank'
e:\documents\github\unity_mpi\mpidotnet\windows\mpilibrary\mpilibrary\mpilibrary.cpp(336): warning C4273: 'all_reduce_int': inconsistent dll linkage
  e:\documents\github\unity_mpi\mpidotnet\windows\mpilibrary\mpilibrary\mpilibrary.h(25): note: see previous definition of 'all_reduce_int'
e:\documents\github\unity_mpi\mpidotnet\windows\mpilibrary\mpilibrary\mpilibrary.cpp(341): warning C4273: 'all_reduce_floatarray': inconsistent dll linkage
  e:\documents\github\unity_mpi\mpidotnet\windows\mpilibrary\mpilibrary\mpilibrary.h(27): note: see previous definition of 'all_reduce_floatarray'
e:\documents\github\unity_mpi\mpidotnet\windows\mpilibrary\mpilibrary\mpilibrary.cpp(347): warning C4273: 'get_one': inconsistent dll linkage
  e:\documents\github\unity_mpi\mpidotnet\windows\mpilibrary\mpilibrary\mpilibrary.h(30): note: see previous definition of 'get_one'
e:\documents\github\unity_mpi\mpidotnet\windows\mpilibrary\mpilibrary\mpilibrary.cpp(353): warning C4273: 'add_two_numbers': inconsistent dll linkage
  e:\documents\github\unity_mpi\mpidotnet\windows\mpilibrary\mpilibrary\mpilibrary.h(33): note: see previous definition of 'add_two_numbers'
e:\documents\github\unity_mpi\mpidotnet\windows\mpilibrary\mpilibrary\mpilibrary.cpp(359): warning C4273: 'external_call': inconsistent dll linkage
  e:\documents\github\unity_mpi\mpidotnet\windows\mpilibrary\mpilibrary\mpilibrary.h(138): note: see previous definition of 'external_call'
e:\documents\github\unity_mpi\mpidotnet\windows\mpilibrary\mpilibrary\mpilibrary.cpp(365): warning C4273: 'external_reduce': inconsistent dll linkage
  e:\documents\github\unity_mpi\mpidotnet\windows\mpilibrary\mpilibrary\mpilibrary.h(142): note: see previous definition of 'external_reduce'
e:\documents\github\unity_mpi\mpidotnet\windows\mpilibrary\mpilibrary\mpilibrary.cpp(382): warning C4273: 'external_reduce_with_callback': inconsistent dll linkage
  e:\documents\github\unity_mpi\mpidotnet\windows\mpilibrary\mpilibrary\mpilibrary.h(146): note: see previous definition of 'external_reduce_with_callback'
     Creating library E:\Documents\GitHub\Unity_MPI\MpiDotNet\Windows\MpiLibrary\x64\Release\MpiLibrary.lib and object E:\Documents\GitHub\Unity_MPI\MpiDotNet\Windows\MpiLibrary\x64\Release\MpiLibrary.exp
  Generating code
  1 of 56 functions ( 1.8%) were compiled, the rest were copied from previous compilation.
    1 functions were new in current compilation
    0 functions had inline decision re-evaluated but remain unchanged
  Finished generating code
  MpiLibrary.vcxproj -> E:\Documents\GitHub\Unity_MPI\MpiDotNet\Windows\MpiLibrary\x64\Release\MpiLibrary.dll
