e:\documents\projects\mpidotnet\mpilibrary\mpilibrary\x64\release\mpilibrary.pch
e:\documents\projects\mpidotnet\mpilibrary\mpilibrary\x64\release\vc142.pdb
e:\documents\projects\mpidotnet\mpilibrary\mpilibrary\x64\release\stdafx.obj
e:\documents\projects\mpidotnet\mpilibrary\mpilibrary\x64\release\mpilibrary.obj
e:\documents\projects\mpidotnet\mpilibrary\mpilibrary\x64\release\dllmain.obj
e:\documents\github\unity_mpi\mpidotnet\mpilibrary\mpilibrary\x64\release\mpilibrary.pch
e:\documents\github\unity_mpi\mpidotnet\mpilibrary\mpilibrary\x64\release\vc141.pdb
e:\documents\github\unity_mpi\mpidotnet\mpilibrary\mpilibrary\x64\release\stdafx.obj
e:\documents\github\unity_mpi\mpidotnet\mpilibrary\mpilibrary\x64\release\dllmain.obj
e:\documents\projects\mpidotnet\mpilibrary\x64\release\mpilibrary.dll
e:\documents\projects\mpidotnet\mpilibrary\mpilibrary\x64\release\mpilibrary.ipdb
e:\documents\projects\mpidotnet\mpilibrary\mpilibrary\x64\release\mpilibrary.iobj
e:\documents\projects\mpidotnet\mpilibrary\x64\release\mpilibrary.pdb
e:\documents\projects\mpidotnet\mpilibrary\x64\release\mpilibrary.lib
e:\documents\projects\mpidotnet\mpilibrary\x64\release\mpilibrary.exp
e:\documents\github\unity_mpi\mpidotnet\mpilibrary\mpilibrary\x64\release\mpilibrary.ipdb
e:\documents\github\unity_mpi\mpidotnet\mpilibrary\mpilibrary\x64\release\mpilibrary.iobj
e:\documents\github\unity_mpi\mpidotnet\mpilibrary\mpilibrary\x64\release\vc142.pdb
e:\documents\github\unity_mpi\mpidotnet\mpilibrary\x64\release\mpilibrary.pdb
e:\documents\github\unity_mpi\mpidotnet\mpilibrary\x64\release\mpilibrary.dll
e:\documents\github\unity_mpi\mpidotnet\mpilibrary\mpilibrary\x64\release\mpilibrary.tlog\cl.read.1.tlog
e:\documents\github\unity_mpi\mpidotnet\mpilibrary\mpilibrary\x64\release\mpilibrary.tlog\cl.write.1.tlog
e:\documents\github\unity_mpi\mpidotnet\mpilibrary\mpilibrary\x64\release\mpilibrary.tlog\cl.command.1.tlog
e:\documents\github\unity_mpi\mpidotnet\mpilibrary\mpilibrary\x64\release\mpilibrary.tlog\link.read.1.tlog
e:\documents\github\unity_mpi\mpidotnet\mpilibrary\mpilibrary\x64\release\mpilibrary.tlog\link.write.1.tlog
e:\documents\github\unity_mpi\mpidotnet\mpilibrary\mpilibrary\x64\release\mpilibrary.tlog\link.command.1.tlog
e:\documents\github\unity_mpi\mpidotnet\mpilibrary\mpilibrary\x64\release\mpilibrary.tlog\mpilibrary.write.1u.tlog
